The system is: CYGWIN - 3.3.5-341.x86_64 - x86_64
Compiling the C compiler identification source file "CMakeCCompilerId.c" succeeded.
Compiler: /usr/bin/clang 
Build flags: 
Id flags:  

The output was:
0


Compilation of the C compiler identification source "CMakeCCompilerId.c" produced "a.exe"

The C compiler identification is Clang, found in "/cygdrive/c/Users/Edis Hasaj/CLionProjects/C_Exercises/cmake-build-debug/CMakeFiles/3.22.3/CompilerIdC/a.exe"

Detecting C compiler ABI info compiled with the following output:
Change Dir: /cygdrive/c/Users/Edis Hasaj/CLionProjects/C_Exercises/cmake-build-debug/CMakeFiles/CMakeTmp

Run Build Command(s):/cygdrive/c/Users/Edis Hasaj/AppData/Local/JetBrains/CLion 2022.1.1/bin/ninja/cygwin/ninja.exe cmTC_7c587 && [1/2] Building C object CMakeFiles/cmTC_7c587.dir/CMakeCCompilerABI.c.o
clang version 8.0.1 (tags/RELEASE_801/final)
Target: x86_64-unknown-windows-cygnus
Thread model: posix
InstalledDir: /usr/bin
 "/usr/bin/clang-8" -cc1 -triple x86_64-unknown-windows-cygnus -emit-obj -mrelax-all -disable-free -disable-llvm-verifier -discard-value-names -main-file-name CMakeCCompilerABI.c -mrelocation-model pic -pic-level 2 -mthread-model posix -fmath-errno -masm-verbose -mconstructor-aliases -munwind-tables -target-cpu x86-64 -dwarf-column-info -debugger-tuning=gdb -momit-leaf-frame-pointer -v -coverage-notes-file /cygdrive/c/Users/Edis Hasaj/CLionProjects/C_Exercises/cmake-build-debug/CMakeFiles/CMakeTmp/CMakeFiles/cmTC_7c587.dir/CMakeCCompilerABI.c.gcno -resource-dir /usr/lib/clang/8.0.1 -dependency-file CMakeFiles/cmTC_7c587.dir/CMakeCCompilerABI.c.o.d -sys-header-deps -MT CMakeFiles/cmTC_7c587.dir/CMakeCCompilerABI.c.o -internal-isystem /usr/lib/clang/8.0.1/include -internal-isystem /usr/local/include -internal-isystem /usr/lib/clang/8.0.1/include -internal-isystem /usr/x86_64-pc-cygwin/include -internal-isystem /usr/include -internal-isystem /usr/include/w32api -fdebug-compilation-dir /cygdrive/c/Users/Edis Hasaj/CLionProjects/C_Exercises/cmake-build-debug/CMakeFiles/CMakeTmp -ferror-limit 19 -fmessage-length 0 -fobjc-runtime=gcc -fseh-exceptions -fdiagnostics-show-option -o CMakeFiles/cmTC_7c587.dir/CMakeCCompilerABI.c.o -x c /cygdrive/c/Users/Edis Hasaj/AppData/Local/JetBrains/CLion2022.1/cygwin_cmake/share/cmake-3.22.3/Modules/CMakeCCompilerABI.c -faddrsig
clang -cc1 version 8.0.1 based upon LLVM 8.0.1 default target x86_64-unknown-cygwin
ignoring nonexistent directory "/usr/local/include"
ignoring nonexistent directory "/usr/x86_64-pc-cygwin/include"
ignoring duplicate directory "/usr/lib/clang/8.0.1/include"
#include "..." search starts here:
#include <...> search starts here:
 /usr/lib/clang/8.0.1/include
 /usr/include
 /usr/include/w32api
End of search list.
[2/2] Linking C executable cmTC_7c587.exe
clang version 8.0.1 (tags/RELEASE_801/final)
Target: x86_64-unknown-windows-cygnus
Thread model: posix
InstalledDir: /usr/bin
 "/usr/bin/ld" -m i386pep --wrap _Znwm --wrap _Znam --wrap _ZnwmRKSt9nothrow_t --wrap _ZnamRKSt9nothrow_t --wrap _ZdlPv --wrap _ZdaPv --wrap _ZdlPvRKSt9nothrow_t --wrap _ZdaPvKSt9nothrow_t -Bdynamic --tsaware -o cmTC_7c587.exe /usr/lib/crt0.o /usr/lib/gcc/x86_64-pc-cygwin/11/crtbegin.o -L/usr/lib/gcc/x86_64-pc-cygwin/11 -L/usr/x86_64-pc-cygwin/lib -L/usr/lib -L/usr/lib/w32api --enable-auto-import CMakeFiles/cmTC_7c587.dir/CMakeCCompilerABI.c.o --out-implib libcmTC_7c587.dll.a --major-image-version 0 --minor-image-version 0 -lgcc_s -lgcc -lcygwin -ladvapi32 -lshell32 -luser32 -lkernel32 /usr/lib/default-manifest.o /usr/lib/gcc/x86_64-pc-cygwin/11/crtend.o



Parsed C implicit include dir info from above output: rv=done
  found start of include info
  found start of implicit include info
    add: [/usr/lib/clang/8.0.1/include]
    add: [/usr/include]
    add: [/usr/include/w32api]
  end of search list found
  collapse include dir [/usr/lib/clang/8.0.1/include] ==> [/usr/lib/clang/8.0.1/include]
  collapse include dir [/usr/include] ==> [/usr/include]
  collapse include dir [/usr/include/w32api] ==> [/usr/include/w32api]
  implicit include dirs: [/usr/lib/clang/8.0.1/include;/usr/include;/usr/include/w32api]


Parsed C implicit link information from above output:
  link line regex: [^( *|.*[/\])(ld\.exe|CMAKE_LINK_STARTFILE-NOTFOUND|([^/\]+-)?ld|collect2)[^/\]*( |$)]
  ignore line: [Change Dir: /cygdrive/c/Users/Edis Hasaj/CLionProjects/C_Exercises/cmake-build-debug/CMakeFiles/CMakeTmp]
  ignore line: []
  ignore line: [Run Build Command(s):/cygdrive/c/Users/Edis Hasaj/AppData/Local/JetBrains/CLion 2022.1.1/bin/ninja/cygwin/ninja.exe cmTC_7c587 && [1/2] Building C object CMakeFiles/cmTC_7c587.dir/CMakeCCompilerABI.c.o]
  ignore line: [clang version 8.0.1 (tags/RELEASE_801/final)]
  ignore line: [Target: x86_64-unknown-windows-cygnus]
  ignore line: [Thread model: posix]
  ignore line: [InstalledDir: /usr/bin]
  ignore line: [ "/usr/bin/clang-8" -cc1 -triple x86_64-unknown-windows-cygnus -emit-obj -mrelax-all -disable-free -disable-llvm-verifier -discard-value-names -main-file-name CMakeCCompilerABI.c -mrelocation-model pic -pic-level 2 -mthread-model posix -fmath-errno -masm-verbose -mconstructor-aliases -munwind-tables -target-cpu x86-64 -dwarf-column-info -debugger-tuning=gdb -momit-leaf-frame-pointer -v -coverage-notes-file /cygdrive/c/Users/Edis Hasaj/CLionProjects/C_Exercises/cmake-build-debug/CMakeFiles/CMakeTmp/CMakeFiles/cmTC_7c587.dir/CMakeCCompilerABI.c.gcno -resource-dir /usr/lib/clang/8.0.1 -dependency-file CMakeFiles/cmTC_7c587.dir/CMakeCCompilerABI.c.o.d -sys-header-deps -MT CMakeFiles/cmTC_7c587.dir/CMakeCCompilerABI.c.o -internal-isystem /usr/lib/clang/8.0.1/include -internal-isystem /usr/local/include -internal-isystem /usr/lib/clang/8.0.1/include -internal-isystem /usr/x86_64-pc-cygwin/include -internal-isystem /usr/include -internal-isystem /usr/include/w32api -fdebug-compilation-dir /cygdrive/c/Users/Edis Hasaj/CLionProjects/C_Exercises/cmake-build-debug/CMakeFiles/CMakeTmp -ferror-limit 19 -fmessage-length 0 -fobjc-runtime=gcc -fseh-exceptions -fdiagnostics-show-option -o CMakeFiles/cmTC_7c587.dir/CMakeCCompilerABI.c.o -x c /cygdrive/c/Users/Edis Hasaj/AppData/Local/JetBrains/CLion2022.1/cygwin_cmake/share/cmake-3.22.3/Modules/CMakeCCompilerABI.c -faddrsig]
  ignore line: [clang -cc1 version 8.0.1 based upon LLVM 8.0.1 default target x86_64-unknown-cygwin]
  ignore line: [ignoring nonexistent directory "/usr/local/include"]
  ignore line: [ignoring nonexistent directory "/usr/x86_64-pc-cygwin/include"]
  ignore line: [ignoring duplicate directory "/usr/lib/clang/8.0.1/include"]
  ignore line: [#include "..." search starts here:]
  ignore line: [#include <...> search starts here:]
  ignore line: [ /usr/lib/clang/8.0.1/include]
  ignore line: [ /usr/include]
  ignore line: [ /usr/include/w32api]
  ignore line: [End of search list.]
  ignore line: [[2/2] Linking C executable cmTC_7c587.exe]
  ignore line: [clang version 8.0.1 (tags/RELEASE_801/final)]
  ignore line: [Target: x86_64-unknown-windows-cygnus]
  ignore line: [Thread model: posix]
  ignore line: [InstalledDir: /usr/bin]
  link line: [ "/usr/bin/ld" -m i386pep --wrap _Znwm --wrap _Znam --wrap _ZnwmRKSt9nothrow_t --wrap _ZnamRKSt9nothrow_t --wrap _ZdlPv --wrap _ZdaPv --wrap _ZdlPvRKSt9nothrow_t --wrap _ZdaPvKSt9nothrow_t -Bdynamic --tsaware -o cmTC_7c587.exe /usr/lib/crt0.o /usr/lib/gcc/x86_64-pc-cygwin/11/crtbegin.o -L/usr/lib/gcc/x86_64-pc-cygwin/11 -L/usr/x86_64-pc-cygwin/lib -L/usr/lib -L/usr/lib/w32api --enable-auto-import CMakeFiles/cmTC_7c587.dir/CMakeCCompilerABI.c.o --out-implib libcmTC_7c587.dll.a --major-image-version 0 --minor-image-version 0 -lgcc_s -lgcc -lcygwin -ladvapi32 -lshell32 -luser32 -lkernel32 /usr/lib/default-manifest.o /usr/lib/gcc/x86_64-pc-cygwin/11/crtend.o]
    arg [/usr/bin/ld] ==> ignore
    arg [-m] ==> ignore
    arg [i386pep] ==> ignore
    arg [--wrap] ==> ignore
    arg [_Znwm] ==> ignore
    arg [--wrap] ==> ignore
    arg [_Znam] ==> ignore
    arg [--wrap] ==> ignore
    arg [_ZnwmRKSt9nothrow_t] ==> ignore
    arg [--wrap] ==> ignore
    arg [_ZnamRKSt9nothrow_t] ==> ignore
    arg [--wrap] ==> ignore
    arg [_ZdlPv] ==> ignore
    arg [--wrap] ==> ignore
    arg [_ZdaPv] ==> ignore
    arg [--wrap] ==> ignore
    arg [_ZdlPvRKSt9nothrow_t] ==> ignore
    arg [--wrap] ==> ignore
    arg [_ZdaPvKSt9nothrow_t] ==> ignore
    arg [-Bdynamic] ==> search dynamic
    arg [--tsaware] ==> ignore
    arg [-o] ==> ignore
    arg [cmTC_7c587.exe] ==> ignore
    arg [/usr/lib/crt0.o] ==> obj [/usr/lib/crt0.o]
    arg [/usr/lib/gcc/x86_64-pc-cygwin/11/crtbegin.o] ==> obj [/usr/lib/gcc/x86_64-pc-cygwin/11/crtbegin.o]
    arg [-L/usr/lib/gcc/x86_64-pc-cygwin/11] ==> dir [/usr/lib/gcc/x86_64-pc-cygwin/11]
    arg [-L/usr/x86_64-pc-cygwin/lib] ==> dir [/usr/x86_64-pc-cygwin/lib]
    arg [-L/usr/lib] ==> dir [/usr/lib]
    arg [-L/usr/lib/w32api] ==> dir [/usr/lib/w32api]
    arg [--enable-auto-import] ==> ignore
    arg [CMakeFiles/cmTC_7c587.dir/CMakeCCompilerABI.c.o] ==> ignore
    arg [--out-implib] ==> ignore
    arg [libcmTC_7c587.dll.a] ==> ignore
    arg [--major-image-version] ==> ignore
    arg [0] ==> ignore
    arg [--minor-image-version] ==> ignore
    arg [0] ==> ignore
    arg [-lgcc_s] ==> lib [gcc_s]
    arg [-lgcc] ==> lib [gcc]
    arg [-lcygwin] ==> lib [cygwin]
    arg [-ladvapi32] ==> lib [advapi32]
    arg [-lshell32] ==> lib [shell32]
    arg [-luser32] ==> lib [user32]
    arg [-lkernel32] ==> lib [kernel32]
    arg [/usr/lib/default-manifest.o] ==> obj [/usr/lib/default-manifest.o]
    arg [/usr/lib/gcc/x86_64-pc-cygwin/11/crtend.o] ==> obj [/usr/lib/gcc/x86_64-pc-cygwin/11/crtend.o]
  collapse library dir [/usr/lib/gcc/x86_64-pc-cygwin/11] ==> [/usr/lib/gcc/x86_64-pc-cygwin/11]
  collapse library dir [/usr/x86_64-pc-cygwin/lib] ==> [/usr/x86_64-pc-cygwin/lib]
  collapse library dir [/usr/lib] ==> [/usr/lib]
  collapse library dir [/usr/lib/w32api] ==> [/usr/lib/w32api]
  implicit libs: [gcc_s;gcc;cygwin;advapi32;shell32;user32;kernel32]
  implicit objs: [/usr/lib/crt0.o;/usr/lib/gcc/x86_64-pc-cygwin/11/crtbegin.o;/usr/lib/default-manifest.o;/usr/lib/gcc/x86_64-pc-cygwin/11/crtend.o]
  implicit dirs: [/usr/lib/gcc/x86_64-pc-cygwin/11;/usr/x86_64-pc-cygwin/lib;/usr/lib;/usr/lib/w32api]
  implicit fwks: []


